{"level":"info","message":"[CRON] Background schedule jobs registered successfully.","service":"hotel-booking-service","timestamp":"2026-06-28 18:13:18"}
{"level":"info","message":"Server running on port 3000 in development mode","service":"hotel-booking-service","timestamp":"2026-06-28 18:13:19"}
{"level":"info","message":"[CRON] Background schedule jobs registered successfully.","service":"hotel-booking-service","timestamp":"2026-06-28 18:13:54"}
{"level":"info","message":"Server running on port 3000 in development mode","service":"hotel-booking-service","timestamp":"2026-06-28 18:13:55"}
{"level":"info","message":"[CRON] Background schedule jobs registered successfully.","service":"hotel-booking-service","timestamp":"2026-06-28 18:14:11"}
{"level":"info","message":"Server running on port 3000 in development mode","service":"hotel-booking-service","timestamp":"2026-06-28 18:14:12"}
{"level":"error","message":"[CRON ERROR] Failed to auto-expire bookings: Operation `bookings.updateMany()` buffering timed out after 10000ms","service":"hotel-booking-service","stack":"MongooseError: Operation `bookings.updateMany()` buffering timed out after 10000ms\n    at Timeout.<anonymous> (C:\\hotel-booking\\server\\node_modules\\mongoose\\lib\\drivers\\node-mongodb-native\\collection.js:187:23)\n    at listOnTimeout (node:internal/timers:594:17)\n    at process.processTimers (node:internal/timers:529:7)","timestamp":"2026-06-28 18:15:10"}
{"level":"error","message":"[SYSTEM ERROR] Cannot set property query of #<IncomingMessage> which has only a getter","service":"hotel-booking-service","timestamp":"2026-06-28 18:15:18"}
{"level":"info","message":"[CRON] Background schedule jobs registered successfully.","service":"hotel-booking-service","timestamp":"2026-06-28 18:15:42"}
{"level":"info","message":"Server running on port 3000 in development mode","service":"hotel-booking-service","timestamp":"2026-06-28 18:15:43"}
{"level":"info","message":"[HTTP] GET /health","service":"hotel-booking-service","timestamp":"2026-06-28 18:15:48"}
{"level":"info","message":"[HTTP] GET /api/rooms/67f7647c197ac559e4089b96","service":"hotel-booking-service","timestamp":"2026-06-28 18:17:17"}
{"level":"info","message":"[HTTP] GET /api/rooms/67f76406197ac559e4089b82","service":"hotel-booking-service","timestamp":"2026-06-28 18:17:24"}
{"level":"info","message":"[HTTP] GET /api/rooms/67f76406197ac559e4089b82","service":"hotel-booking-service","timestamp":"2026-06-28 18:23:31"}
{"level":"info","message":"[HTTP] GET /api/rooms/67f76406197ac559e4089b82","service":"hotel-booking-service","timestamp":"2026-06-28 18:29:32"}
{"level":"error","message":"[CRON ERROR] Failed to auto-expire bookings: Operation `bookings.updateMany()` buffering timed out after 10000ms","service":"hotel-booking-service","stack":"MongooseError: Operation `bookings.updateMany()` buffering timed out after 10000ms\n    at Timeout.<anonymous> (C:\\hotel-booking\\server\\node_modules\\mongoose\\lib\\drivers\\node-mongodb-native\\collection.js:187:23)\n    at listOnTimeout (node:internal/timers:594:17)\n    at process.processTimers (node:internal/timers:529:7)","timestamp":"2026-06-28 22:00:10"}
{"level":"error","message":"[CRON ERROR] Failed to auto-expire bookings: Operation `bookings.updateMany()` buffering timed out after 10000ms","service":"hotel-booking-service","stack":"MongooseError: Operation `bookings.updateMany()` buffering timed out after 10000ms\n    at Timeout.<anonymous> (C:\\hotel-booking\\server\\node_modules\\mongoose\\lib\\drivers\\node-mongodb-native\\collection.js:187:23)\n    at listOnTimeout (node:internal/timers:594:17)\n    at process.processTimers (node:internal/timers:529:7)","timestamp":"2026-06-28 22:15:10"}
{"level":"info","message":"[HTTP] GET /api/rooms","service":"hotel-booking-service","timestamp":"2026-06-28 22:20:45"}
{"level":"info","message":"[CRON] Background schedule jobs registered successfully.","service":"hotel-booking-service","timestamp":"2026-06-28 22:22:21"}
{"level":"info","message":"Server running on port 3000 in development mode","service":"hotel-booking-service","timestamp":"2026-06-28 22:22:21"}
{"level":"info","message":"[CRON] Background schedule jobs registered successfully.","service":"hotel-booking-service","timestamp":"2026-06-28 22:25:32"}
{"level":"info","message":"Server running on port 3000 in development mode","service":"hotel-booking-service","timestamp":"2026-06-28 22:25:33"}
{"level":"info","message":"[HTTP] GET /api/rooms","service":"hotel-booking-service","timestamp":"2026-06-28 22:25:44"}
{"level":"info","message":"[HTTP] GET /api/rooms/67f76406197ac559e4089b82","service":"hotel-booking-service","timestamp":"2026-06-28 22:26:11"}
{"level":"info","message":"[HTTP] GET /api/user","service":"hotel-booking-service","timestamp":"2026-06-28 22:27:27"}
{"level":"info","message":"[HTTP] GET /","service":"hotel-booking-service","timestamp":"2026-06-28 22:27:27"}
{"level":"info","message":"[HTTP] GET /api/user","service":"hotel-booking-service","timestamp":"2026-06-28 22:27:32"}
{"level":"info","message":"[HTTP] GET /","service":"hotel-booking-service","timestamp":"2026-06-28 22:27:32"}
{"level":"info","message":"[HTTP] GET /api/user","service":"hotel-booking-service","timestamp":"2026-06-28 22:27:37"}
{"level":"info","message":"[HTTP] GET /","service":"hotel-booking-service","timestamp":"2026-06-28 22:27:37"}
{"level":"info","message":"[HTTP] GET /api/user","service":"hotel-booking-service","timestamp":"2026-06-28 22:27:42"}
{"level":"info","message":"[HTTP] GET /","service":"hotel-booking-service","timestamp":"2026-06-28 22:27:42"}
{"level":"info","message":"[HTTP] GET /api/user","service":"hotel-booking-service","timestamp":"2026-06-28 22:27:47"}
{"level":"info","message":"[HTTP] GET /","service":"hotel-booking-service","timestamp":"2026-06-28 22:27:48"}
{"level":"info","message":"[HTTP] GET /api/rooms","service":"hotel-booking-service","timestamp":"2026-06-28 22:28:42"}
{"level":"info","message":"[HTTP] GET /api/user","service":"hotel-booking-service","timestamp":"2026-06-28 22:28:43"}
{"level":"info","message":"[HTTP] GET /","service":"hotel-booking-service","timestamp":"2026-06-28 22:28:43"}
{"level":"info","message":"[HTTP] GET /api/user","service":"hotel-booking-service","timestamp":"2026-06-28 22:28:48"}
{"level":"info","message":"[HTTP] GET /","service":"hotel-booking-service","timestamp":"2026-06-28 22:28:48"}
{"level":"info","message":"[HTTP] GET /api/user","service":"hotel-booking-service","timestamp":"2026-06-28 22:28:53"}
{"level":"info","message":"[HTTP] GET /","service":"hotel-booking-service","timestamp":"2026-06-28 22:28:53"}
{"level":"info","message":"[HTTP] GET /api/user","service":"hotel-booking-service","timestamp":"2026-06-28 22:28:58"}
{"level":"info","message":"[HTTP] GET /","service":"hotel-booking-service","timestamp":"2026-06-28 22:28:58"}
{"level":"info","message":"[HTTP] POST /api/hotels","service":"hotel-booking-service","timestamp":"2026-06-28 22:29:38"}
{"level":"info","message":"[HTTP] POST /api/hotels","service":"hotel-booking-service","timestamp":"2026-06-28 22:29:46"}
{"level":"info","message":"[HTTP] GET /api/user","service":"hotel-booking-service","timestamp":"2026-06-28 22:30:03"}
{"level":"info","message":"[HTTP] GET /","service":"hotel-booking-service","timestamp":"2026-06-28 22:30:03"}
{"level":"info","message":"[HTTP] GET /api/user","service":"hotel-booking-service","timestamp":"2026-06-28 22:30:08"}
{"level":"info","message":"[HTTP] GET /","service":"hotel-booking-service","timestamp":"2026-06-28 22:30:08"}
{"level":"info","message":"[HTTP] GET /api/user","service":"hotel-booking-service","timestamp":"2026-06-28 22:30:13"}
{"level":"info","message":"[HTTP] GET /","service":"hotel-booking-service","timestamp":"2026-06-28 22:30:13"}
{"level":"info","message":"[CRON] Background schedule jobs registered successfully.","service":"hotel-booking-service","timestamp":"2026-06-28 22:30:17"}
{"level":"info","message":"Server running on port 3000 in development mode","service":"hotel-booking-service","timestamp":"2026-06-28 22:30:17"}
{"level":"info","message":"[HTTP] GET /api/user","service":"hotel-booking-service","timestamp":"2026-06-28 22:30:18"}
{"level":"info","message":"[HTTP] GET /","service":"hotel-booking-service","timestamp":"2026-06-28 22:30:18"}
{"level":"info","message":"[HTTP] POST /api/user/store-recent-search","service":"hotel-booking-service","timestamp":"2026-06-28 22:30:24"}
{"level":"info","message":"[HTTP] GET /api/rooms?city=Dubai","service":"hotel-booking-service","timestamp":"2026-06-28 22:30:24"}
{"level":"info","message":"[HTTP] GET /","service":"hotel-booking-service","timestamp":"2026-06-28 22:30:24"}
{"level":"info","message":"[CRON] Background schedule jobs registered successfully.","service":"hotel-booking-service","timestamp":"2026-06-28 22:30:29"}
{"level":"info","message":"Server running on port 3000 in development mode","service":"hotel-booking-service","timestamp":"2026-06-28 22:30:30"}
{"level":"info","message":"[HTTP] GET /api/rooms","service":"hotel-booking-service","timestamp":"2026-06-28 22:30:30"}
{"level":"info","message":"[HTTP] GET /api/user","service":"hotel-booking-service","timestamp":"2026-06-28 22:30:31"}
{"level":"info","message":"[HTTP] GET /","service":"hotel-booking-service","timestamp":"2026-06-28 22:30:31"}
{"level":"info","message":"[HTTP] GET /api/user","service":"hotel-booking-service","timestamp":"2026-06-28 22:30:36"}
{"level":"info","message":"[HTTP] GET /","service":"hotel-booking-service","timestamp":"2026-06-28 22:30:36"}
{"level":"info","message":"[HTTP] GET /api/user","service":"hotel-booking-service","timestamp":"2026-06-28 22:30:41"}
{"level":"info","message":"[HTTP] GET /","service":"hotel-booking-service","timestamp":"2026-06-28 22:30:41"}
{"level":"info","message":"[HTTP] GET /api/user","service":"hotel-booking-service","timestamp":"2026-06-28 22:30:47"}
{"level":"info","message":"[HTTP] GET /","service":"hotel-booking-service","timestamp":"2026-06-28 22:30:47"}
{"level":"info","message":"[CRON] Background schedule jobs registered successfully.","service":"hotel-booking-service","timestamp":"2026-06-28 22:31:33"}
{"level":"info","message":"Server running on port 3000 in development mode","service":"hotel-booking-service","timestamp":"2026-06-28 22:31:34"}
{"level":"info","message":"[HTTP] GET /api/bookings/hotel","service":"hotel-booking-service","timestamp":"2026-06-28 22:35:44"}
{"level":"info","message":"[HTTP] GET /api/user","service":"hotel-booking-service","timestamp":"2026-06-28 22:35:44"}
{"level":"info","message":"[HTTP] GET /","service":"hotel-booking-service","timestamp":"2026-06-28 22:35:44"}
{"level":"info","message":"[HTTP] GET /api/user","service":"hotel-booking-service","timestamp":"2026-06-28 22:35:49"}
{"level":"info","message":"[HTTP] GET /","service":"hotel-booking-service","timestamp":"2026-06-28 22:35:49"}
{"level":"info","message":"[HTTP] GET /api/rooms/owner","service":"hotel-booking-service","timestamp":"2026-06-28 22:35:53"}
{"level":"info","message":"[HTTP] GET /api/user","service":"hotel-booking-service","timestamp":"2026-06-28 22:35:54"}
{"level":"info","message":"[HTTP] GET /","service":"hotel-booking-service","timestamp":"2026-06-28 22:35:54"}
{"level":"info","message":"[HTTP] GET /api/user","service":"hotel-booking-service","timestamp":"2026-06-28 22:35:59"}
{"level":"info","message":"[HTTP] GET /","service":"hotel-booking-service","timestamp":"2026-06-28 22:35:59"}
{"level":"info","message":"[HTTP] GET /api/user","service":"hotel-booking-service","timestamp":"2026-06-28 22:36:09"}
{"level":"info","message":"[HTTP] GET /","service":"hotel-booking-service","timestamp":"2026-06-28 22:36:09"}
{"level":"info","message":"[HTTP] GET /api/user","service":"hotel-booking-service","timestamp":"2026-06-28 22:36:14"}
{"level":"info","message":"[HTTP] GET /","service":"hotel-booking-service","timestamp":"2026-06-28 22:36:15"}
{"level":"info","message":"[HTTP] GET /api/user","service":"hotel-booking-service","timestamp":"2026-06-28 22:36:20"}
{"level":"info","message":"[HTTP] GET /","service":"hotel-booking-service","timestamp":"2026-06-28 22:36:20"}
{"level":"info","message":"[HTTP] GET /api/user","service":"hotel-booking-service","timestamp":"2026-06-28 22:36:25"}
{"level":"info","message":"[HTTP] GET /","service":"hotel-booking-service","timestamp":"2026-06-28 22:36:25"}
{"level":"info","message":"[CRON] Background schedule jobs registered successfully.","service":"hotel-booking-service","timestamp":"2026-06-28 22:36:30"}
{"level":"info","message":"Server running on port 3000 in development mode","service":"hotel-booking-service","timestamp":"2026-06-28 22:36:31"}
{"level":"info","message":"[HTTP] GET /api/rooms/owner","service":"hotel-booking-service","timestamp":"2026-06-28 22:36:46"}
{"level":"info","message":"[AUTH DEBUG] authHeader received: undefined","service":"hotel-booking-service","timestamp":"2026-06-28 22:36:46"}
{"level":"info","message":"[AUTH DEBUG] getAuth(req) userId: null","service":"hotel-booking-service","timestamp":"2026-06-28 22:36:46"}
{"level":"info","message":"[HTTP] GET /api/rooms/owner","service":"hotel-booking-service","timestamp":"2026-06-28 22:37:21"}
{"level":"info","message":"[AUTH DEBUG] authHeader received: Bearer invalid_token_123","service":"hotel-booking-service","timestamp":"2026-06-28 22:37:21"}
{"level":"info","message":"[AUTH DEBUG] getAuth(req) userId: null","service":"hotel-booking-service","timestamp":"2026-06-28 22:37:21"}
{"level":"info","message":"[HTTP] POST /api/hotels","service":"hotel-booking-service","timestamp":"2026-06-28 22:37:35"}
{"level":"info","message":"[AUTH DEBUG] authHeader received: undefined","service":"hotel-booking-service","timestamp":"2026-06-28 22:37:35"}
{"level":"info","message":"[AUTH DEBUG] getAuth(req) userId: null","service":"hotel-booking-service","timestamp":"2026-06-28 22:37:35"}
{"level":"info","message":"[CRON] Background schedule jobs registered successfully.","service":"hotel-booking-service","timestamp":"2026-06-28 22:38:01"}
{"level":"info","message":"Server running on port 3000 in development mode","service":"hotel-booking-service","timestamp":"2026-06-28 22:38:01"}
{"level":"error","message":"[SYSTEM ERROR] Unexpected end of data","service":"hotel-booking-service","timestamp":"2026-06-28 22:38:09"}
{"level":"info","message":"[HTTP] GET /api/rooms/owner","service":"hotel-booking-service","timestamp":"2026-06-28 22:38:21"}
{"level":"info","message":"[AUTH DEBUG] authHeader received: Bearer eyJhbGciOiJIUzI1NiIsInR5cCI6IkpXVCJ9.eyJzdWIiOiJ1c2VyXzJ1bnF5TDRkaUpGUE1FM3BJQm5hc2M3dDhoUCIsInVzZXJuYW1lIjoiVGVzdCBVc2VyIiwiZW1haWwiOiJ0ZXN0QGV4YW1wbGUuY29tIn0.c2lnbmF0dXJl","service":"hotel-booking-service","timestamp":"2026-06-28 22:38:21"}
{"level":"info","message":"[AUTH DEBUG] getAuth(req) userId: null","service":"hotel-booking-service","timestamp":"2026-06-28 22:38:21"}
{"level":"info","message":"[AUTH] Decoded Clerk token manually: user_2unqyL4diJFPME3pIBnasc7t8hP","service":"hotel-booking-service","timestamp":"2026-06-28 22:38:21"}
{"level":"info","message":"[CRON] Background schedule jobs registered successfully.","service":"hotel-booking-service","timestamp":"2026-06-28 22:38:29"}
{"level":"info","message":"Server running on port 3000 in development mode","service":"hotel-booking-service","timestamp":"2026-06-28 22:38:30"}
{"level":"info","message":"[HTTP] POST /api/hotels","service":"hotel-booking-service","timestamp":"2026-06-28 22:38:37"}
{"level":"info","message":"[HTTP] POST /api/hotels","service":"hotel-booking-service","timestamp":"2026-06-28 22:38:57"}
{"level":"info","message":"[HTTP] GET /api/user","service":"hotel-booking-service","timestamp":"2026-06-28 22:39:00"}
{"level":"info","message":"[HTTP] GET /","service":"hotel-booking-service","timestamp":"2026-06-28 22:39:01"}
{"level":"info","message":"[HTTP] GET /api/user","service":"hotel-booking-service","timestamp":"2026-06-28 22:39:06"}
{"level":"info","message":"[HTTP] GET /","service":"hotel-booking-service","timestamp":"2026-06-28 22:39:06"}
{"level":"info","message":"[HTTP] POST /api/hotels","service":"hotel-booking-service","timestamp":"2026-06-28 22:39:09"}
{"level":"info","message":"[HTTP] GET /api/user","service":"hotel-booking-service","timestamp":"2026-06-28 22:39:11"}
{"level":"info","message":"[HTTP] GET /","service":"hotel-booking-service","timestamp":"2026-06-28 22:39:11"}
{"level":"info","message":"[HTTP] GET /api/user","service":"hotel-booking-service","timestamp":"2026-06-28 22:39:16"}
{"level":"info","message":"[HTTP] GET /","service":"hotel-booking-service","timestamp":"2026-06-28 22:39:16"}
{"level":"info","message":"[HTTP] POST /api/hotels","service":"hotel-booking-service","timestamp":"2026-06-28 22:39:20"}
{"level":"info","message":"[HTTP] GET /api/user","service":"hotel-booking-service","timestamp":"2026-06-28 22:40:01"}
{"level":"info","message":"[HTTP] POST /api/hotels","service":"hotel-booking-service","timestamp":"2026-06-28 22:43:07"}
{"level":"info","message":"[HTTP] GET /api/bookings/hotel","service":"hotel-booking-service","timestamp":"2026-06-28 22:43:10"}
{"level":"info","message":"[HTTP] GET /api/rooms/owner","service":"hotel-booking-service","timestamp":"2026-06-28 22:43:23"}
{"level":"info","message":"[HTTP] GET /api/user","service":"hotel-booking-service","timestamp":"2026-06-28 22:43:34"}
{"level":"info","message":"[HTTP] GET /api/user","service":"hotel-booking-service","timestamp":"2026-06-28 22:43:36"}
{"level":"info","message":"[HTTP] GET /api/bookings/hotel","service":"hotel-booking-service","timestamp":"2026-06-28 22:43:45"}
{"level":"info","message":"[HTTP] GET /api/user","service":"hotel-booking-service","timestamp":"2026-06-28 22:43:46"}
{"level":"info","message":"[HTTP] GET /api/rooms/owner","service":"hotel-booking-service","timestamp":"2026-06-28 22:43:53"}
{"level":"info","message":"[HTTP] GET /api/rooms/67f7647c197ac559e4089b96","service":"hotel-booking-service","timestamp":"2026-06-28 22:44:57"}
{"level":"info","message":"[HTTP] POST /api/bookings/check-availability","service":"hotel-booking-service","timestamp":"2026-06-28 22:45:13"}
{"level":"info","message":"[HTTP] POST /api/bookings/book","service":"hotel-booking-service","timestamp":"2026-06-28 22:45:15"}
{"level":"info","message":"[HTTP] GET /api/bookings/user","service":"hotel-booking-service","timestamp":"2026-06-28 22:45:15"}
{"level":"info","message":"[HTTP] POST /api/bookings/pay","service":"hotel-booking-service","timestamp":"2026-06-28 22:45:18"}
{"level":"info","message":"[HTTP] GET /api/bookings/user","service":"hotel-booking-service","timestamp":"2026-06-28 22:45:18"}
{"level":"info","message":"[CRON] Background schedule jobs registered successfully.","service":"hotel-booking-service","timestamp":"2026-06-28 22:47:44"}
{"level":"info","message":"Server running on port 3000 in development mode","service":"hotel-booking-service","timestamp":"2026-06-28 22:47:44"}
{"level":"info","message":"[CRON] Background schedule jobs registered successfully.","service":"hotel-booking-service","timestamp":"2026-06-28 22:48:00"}
{"level":"info","message":"Server running on port 3000 in development mode","service":"hotel-booking-service","timestamp":"2026-06-28 22:48:01"}
{"level":"info","message":"[CRON] Background schedule jobs registered successfully.","service":"hotel-booking-service","timestamp":"2026-06-28 22:48:23"}
{"level":"info","message":"Server running on port 3000 in development mode","service":"hotel-booking-service","timestamp":"2026-06-28 22:48:23"}
{"level":"info","message":"[CRON] Background schedule jobs registered successfully.","service":"hotel-booking-service","timestamp":"2026-06-28 22:48:33"}
{"level":"info","message":"Server running on port 3000 in development mode","service":"hotel-booking-service","timestamp":"2026-06-28 22:48:33"}
{"level":"info","message":"[MOCK MAIL SEND] To: owner.greatstack@gmail.com | Subject: Hotel Booking Details","service":"hotel-booking-service","timestamp":"2026-06-28 22:48:44"}
